<?xml version="1.0" encoding="UTF-8"?>
<!-- Generated by org.testng.reporters.JUnitXMLReporter -->
<testsuite ignored="0" hostname="DESKTOP-FASUGHM" failures="0" tests="5" name="Test" time="27.697" errors="0" timestamp="02 May 2022 02:21:21 GMT">
  <testcase classname="org.testng.Classb" name="test1" time="27.621"/>
  <testcase classname="org.testng.Classb" name="test2" time="0.005"/>
  <testcase classname="org.testng.Classb" name="test3" time="0.002"/>
  <testcase classname="org.testng.Classb" name="test4" time="0.003"/>
  <testcase classname="org.testng.Classb" name="test5" time="0.009"/>
</testsuite> <!-- Test -->
