<?xml version="1.0" encoding="UTF-8"?>
<testng-results ignored="0" total="5" passed="5" failed="0" skipped="0">
  <reporter-output>
  </reporter-output>
  <suite started-at="2022-05-02T02:20:53Z" name="Suite" finished-at="2022-05-02T02:21:20Z" duration-ms="27697">
    <groups>
    </groups>
    <test started-at="2022-05-02T02:20:53Z" name="Test" finished-at="2022-05-02T02:21:20Z" duration-ms="27697">
      <class name="org.testng.Classb">
        <test-method signature="test1(java.lang.String, java.lang.String)[pri:0, instance:org.testng.Classb@247310d0]" started-at="2022-05-02T02:20:53Z" name="test1" finished-at="2022-05-02T02:21:20Z" duration-ms="27621" status="PASS">
          <params>
            <param index="0">
              <value>
                <![CDATA[greens]]>
              </value>
            </param>
            <param index="1">
              <value>
                <![CDATA[greens@123]]>
              </value>
            </param>
          </params>
          <reporter-output>
          </reporter-output>
        </test-method> <!-- test1 -->
        <test-method signature="test2()[pri:0, instance:org.testng.Classb@247310d0]" started-at="2022-05-02T02:21:20Z" name="test2" finished-at="2022-05-02T02:21:20Z" duration-ms="5" status="PASS">
          <reporter-output>
          </reporter-output>
        </test-method> <!-- test2 -->
        <test-method signature="test3()[pri:0, instance:org.testng.Classb@247310d0]" started-at="2022-05-02T02:21:20Z" name="test3" finished-at="2022-05-02T02:21:20Z" duration-ms="2" status="PASS">
          <reporter-output>
          </reporter-output>
        </test-method> <!-- test3 -->
        <test-method signature="test4()[pri:0, instance:org.testng.Classb@247310d0]" started-at="2022-05-02T02:21:20Z" name="test4" finished-at="2022-05-02T02:21:20Z" duration-ms="3" status="PASS">
          <reporter-output>
          </reporter-output>
        </test-method> <!-- test4 -->
        <test-method signature="test5()[pri:0, instance:org.testng.Classb@247310d0]" started-at="2022-05-02T02:21:20Z" name="test5" finished-at="2022-05-02T02:21:20Z" duration-ms="9" status="PASS">
          <reporter-output>
          </reporter-output>
        </test-method> <!-- test5 -->
      </class> <!-- org.testng.Classb -->
    </test> <!-- Test -->
  </suite> <!-- Suite -->
</testng-results>
